2025-11-17 10:32:15 [INFO] __main__: Data loaded successfully with shape (145828, 94)
2025-11-17 10:32:15 [INFO] __main__: Checking for duplicate rows in the raw dataset...
2025-11-17 10:32:15 [INFO] __main__: No raw duplicates found.
2025-11-17 10:32:15 [INFO] __main__: Retained 49 columns (48 items + major).
2025-11-17 10:32:15 [INFO] __main__: Found 52874 rows with missing 'major'. Dropping...
2025-11-17 10:32:15 [INFO] __main__: Found 0 rows with at least one missing RIASEC item. Dropping...
2025-11-17 10:32:15 [INFO] __main__: Shape after dropping missing: (92954, 49)
2025-11-17 10:32:15 [INFO] __main__: Normalizing RIASEC items from 1–5 scale to 0–1...
2025-11-17 10:32:15 [INFO] __main__: Cleaning and normalizing major names...
2025-11-17 10:32:15 [INFO] __main__: Shape after major cleaning: (92688, 49)
2025-11-17 10:32:15 [INFO] __main__: Applying direct mapping from major dictionary...
2025-11-17 10:32:15 [INFO] __main__: Unmatched after dictionary mapping: 30465 entries.
2025-11-17 10:32:15 [INFO] __main__: Starting fuzzy matching for remaining unmatched majors...
2025-11-17 10:32:25 [INFO] __main__: Still unmatched after fuzzy: 13219 rows
2025-11-17 10:32:25 [INFO] __main__: Removing uncategorized or unmatched entries...
2025-11-17 10:32:25 [INFO] __main__: Shape after removing unmatched & dropping 'major': (79469, 49)
2025-11-17 10:32:25 [INFO] __main__: Removed 5 rows belonging to majors with <= 2 samples.
2025-11-17 10:32:25 [INFO] __main__: Remaining majors: 128 unique categories.
2025-11-17 10:32:25 [INFO] __main__: Checking for duplicate rows in the final dataset...
2025-11-17 10:32:25 [WARNING] __main__: Found 107 duplicate rows in final data. Removing...
2025-11-17 10:32:25 [INFO] __main__: Final duplicates removed. New shape: (79357, 49)
2025-11-17 10:32:28 [INFO] __main__: Final 48-feature dataset saved → data/final_data_48.csv
2025-11-17 10:32:28 [INFO] __main__: Final dataset size: 79357 rows, Columns: ['R1', 'R2', 'R3', 'R4', 'R5', 'R6', 'R7', 'R8', 'I1', 'I2', 'I3', 'I4', 'I5', 'I6', 'I7', 'I8', 'A1', 'A2', 'A3', 'A4', 'A5', 'A6', 'A7', 'A8', 'S1', 'S2', 'S3', 'S4', 'S5', 'S6', 'S7', 'S8', 'E1', 'E2', 'E3', 'E4', 'E5', 'E6', 'E7', 'E8', 'C1', 'C2', 'C3', 'C4', 'C5', 'C6', 'C7', 'C8', 'major_standard']
2025-11-17 10:32:28 [INFO] __main__: Data preparation (48-feature) completed successfully!
